<?xml version="1.0" encoding="UTF-8"?>
<!-- Generated by org.testng.reporters.JUnitXMLReporter -->
<testsuite hostname="Hituj" name="FIND FLIGHT" tests="1" failures="1" timestamp="22 Jul 2017 19:34:53 GMT" time="1.37" errors="0">
  <testcase name="findFlight" time="0.736" classname="com.pages.FlightFinder">
    <failure type="org.testng.TestNGException" message="
The data provider is trying to pass 2 parameters but the method com.pages.FlightFinder#findFlight takes 8 and TestNG is unable in inject a suitable object">
      <![CDATA[org.testng.TestNGException: 
The data provider is trying to pass 2 parameters but the method com.pages.FlightFinder#findFlight takes 8 and TestNG is unable in inject a suitable object
Caused by: java.lang.ArrayIndexOutOfBoundsException: 2
	... 17 more
... Removed 19 stack frames]]>
    </failure>
  </testcase> <!-- findFlight -->
</testsuite> <!-- FIND FLIGHT -->
