<?xml version="1.0" encoding="UTF-8"?>
<!-- Generated by org.testng.reporters.JUnitXMLReporter -->
<testsuite hostname="Hituj" name="Default test" tests="5" failures="0" timestamp="29 May 2017 09:39:33 GMT" time="0.11" errors="0">
  <testcase name="m3" time="0.06" classname="com.TestNg.Class3"/>
  <testcase name="X2" time="0.0" classname="com.TestNg.Class2"/>
  <testcase name="m2" time="0.0" classname="com.TestNg.Class2"/>
  <testcase name="X1" time="0.005" classname="com.TestNg.Class1"/>
  <testcase name="m1" time="0.005" classname="com.TestNg.Class1"/>
</testsuite> <!-- Default test -->
