<?xml version="1.0" encoding="UTF-8"?>
<!-- Generated by org.testng.reporters.JUnitXMLReporter -->
<testsuite hostname="Hituj" ignored="0" name="Default test" tests="5" failures="0" timestamp="26 Jul 2017 23:31:46 GMT" time="0.162" errors="0">
  <testcase name="p88" time="0.026" classname="com.TestNg.mercury"/>
  <testcase name="p134" time="0.005" classname="com.TestNg.mercury"/>
  <testcase name="p2" time="0.005" classname="com.TestNg.mercury"/>
  <testcase name="p33" time="0.007" classname="com.TestNg.mercury"/>
  <testcase name="p11" time="0.006" classname="com.TestNg.mercury"/>
</testsuite> <!-- Default test -->
