<?xml version="1.0" encoding="UTF-8"?>
<testng-results skipped="0" failed="0" total="1" passed="1">
  <reporter-output>
  </reporter-output>
  <suite name="Command line suite" duration-ms="28" started-at="2017-07-01T19:06:58Z" finished-at="2017-07-01T19:06:58Z">
    <groups>
    </groups>
    <test name="Command line test" duration-ms="28" started-at="2017-07-01T19:06:58Z" finished-at="2017-07-01T19:06:58Z">
      <class name="MVN_MERCURYFRMWRK_1JULY2017_V1.MVN_MERCURYFRMWRK_1JULY2017_V1._A1.AppTest">
        <test-method status="PASS" signature="testApp()[pri:0, instance:testApp(MVN_MERCURYFRMWRK_1JULY2017_V1.MVN_MERCURYFRMWRK_1JULY2017_V1._A1.AppTest)]" name="testApp" duration-ms="5" started-at="2017-07-02T00:36:58Z" finished-at="2017-07-02T00:36:58Z">
          <reporter-output>
          </reporter-output>
        </test-method> <!-- testApp -->
      </class> <!-- MVN_MERCURYFRMWRK_1JULY2017_V1.MVN_MERCURYFRMWRK_1JULY2017_V1._A1.AppTest -->
    </test> <!-- Command line test -->
  </suite> <!-- Command line suite -->
</testng-results>
