<?xml version="1.0" encoding="UTF-8"?>
<!-- Generated by org.testng.reporters.JUnitXMLReporter -->
<testsuite hostname="Hituj" tests="0" failures="0" timestamp="1 Jul 2017 19:06:58 GMT" time="0.008" errors="0">
  <testcase name="@BeforeSuite initialize" time="0.0" classname="com.pages.TestBase">
    <failure type="java.io.FileNotFoundException" message="D:\workspace\MVN_MERCURYFRMWRK_1JULY2017_V1.0_A1\src\com\Config\config.properties (The system cannot find the path specified)">
      <![CDATA[java.io.FileNotFoundException: D:\workspace\MVN_MERCURYFRMWRK_1JULY2017_V1.0_A1\src\com\Config\config.properties (The system cannot find the path specified)
	at java.io.FileInputStream.open(Native Method)
	at java.io.FileInputStream.<init>(FileInputStream.java:138)
	at java.io.FileInputStream.<init>(FileInputStream.java:93)
	at com.pages.TestBase.initialize(TestBase.java:40)
	at org.apache.maven.surefire.testng.TestNGExecutor.run(TestNGExecutor.java:77)
	at org.apache.maven.surefire.testng.TestNGDirectoryTestSuite.executeMulti(TestNGDirectoryTestSuite.java:159)
	at org.apache.maven.surefire.testng.TestNGDirectoryTestSuite.execute(TestNGDirectoryTestSuite.java:99)
	at org.apache.maven.surefire.testng.TestNGProvider.invoke(TestNGProvider.java:106)
	at org.apache.maven.surefire.util.ReflectionUtils.invokeMethodWithArray(ReflectionUtils.java:189)
	at org.apache.maven.surefire.booter.ProviderFactory$ProviderProxy.invoke(ProviderFactory.java:165)
	at org.apache.maven.surefire.booter.ProviderFactory.invokeProvider(ProviderFactory.java:85)
	at org.apache.maven.surefire.booter.ForkedBooter.runSuitesInProcess(ForkedBooter.java:115)
	at org.apache.maven.surefire.booter.ForkedBooter.main(ForkedBooter.java:75)
... Removed 19 stack frames]]>
    </failure>
  </testcase> <!-- @BeforeSuite initialize -->
</testsuite>
