<?xml version="1.0" encoding="UTF-8"?>
<!-- Generated by org.testng.reporters.JUnitXMLReporter -->
<testsuite hostname="Hituj" ignored="2" name="Test" tests="3" failures="0" timestamp="06 Aug 2017 15:49:28 GMT" time="0.105" errors="0">
  <testcase name="login" time="0.028" classname="com.TestcaseGroup.SingleGroupTest"/>
  <testcase name="logout" time="0.003" classname="com.TestcaseGroup.SingleGroupTest"/>
  <testcase name="viewProduct" time="0.004" classname="com.TestcaseGroup.SingleGroupTest"/>
  <testcase name="register" time="0.0" classname="com.TestcaseGroup.SingleGroupTest">
    <ignored/>
  </testcase> <!-- register -->
  <testcase name="cancel" time="0.0" classname="com.TestcaseGroup.SingleGroupTest">
    <ignored/>
  </testcase> <!-- cancel -->
</testsuite> <!-- Test -->
