<?xml version="1.0" encoding="UTF-8"?>
<testsuite hostname="Hituj" name="com.TestcaseGroup.SingleGroupTest2" tests="4" failures="0" timestamp="6 Aug 2017 19:47:35 GMT" time="0.009" errors="0">
  <testcase name="cancel" time="0.001" classname="com.TestcaseGroup.SingleGroupTest2"/>
  <testcase name="login" time="0.001" classname="com.TestcaseGroup.SingleGroupTest2"/>
  <testcase name="logout" time="0.001" classname="com.TestcaseGroup.SingleGroupTest2"/>
  <testcase name="viewProduct" time="0.001" classname="com.TestcaseGroup.SingleGroupTest2"/>
</testsuite>
