<?xml version="1.0" encoding="UTF-8"?>
<!-- Generated by org.testng.reporters.JUnitXMLReporter -->
<testsuite hostname="Hituj" ignored="0" name="Default test" tests="10" failures="0" timestamp="06 Aug 2017 19:36:21 GMT" time="0.175" errors="0">
  <testcase name="cancel" time="0.045" classname="com.TestcaseGroup.SingleGroupTest2"/>
  <testcase name="login" time="0.003" classname="com.TestcaseGroup.SingleGroupTest2"/>
  <testcase name="logout" time="0.004" classname="com.TestcaseGroup.SingleGroupTest2"/>
  <testcase name="register" time="0.004" classname="com.TestcaseGroup.SingleGroupTest2"/>
  <testcase name="viewProduct" time="0.003" classname="com.TestcaseGroup.SingleGroupTest2"/>
  <testcase name="cancel" time="0.003" classname="com.TestcaseGroup.SingleGroupTest"/>
  <testcase name="login" time="0.004" classname="com.TestcaseGroup.SingleGroupTest"/>
  <testcase name="logout" time="0.002" classname="com.TestcaseGroup.SingleGroupTest"/>
  <testcase name="register" time="0.002" classname="com.TestcaseGroup.SingleGroupTest"/>
  <testcase name="viewProduct" time="0.002" classname="com.TestcaseGroup.SingleGroupTest"/>
</testsuite> <!-- Default test -->
