<?xml version="1.0" encoding="UTF-8"?>
<testng-results skipped="0" failed="0" ignored="0" total="1" passed="1">
  <reporter-output>
  </reporter-output>
  <suite name="Suite" duration-ms="119" started-at="2017-08-06T08:37:11Z" finished-at="2017-08-06T08:37:11Z">
    <groups>
    </groups>
    <test name="Test" duration-ms="119" started-at="2017-08-06T08:37:11Z" finished-at="2017-08-06T08:37:11Z">
      <class name="com.Retry.retryTest">
        <test-method status="PASS" signature="failTestcase()[pri:0, instance:com.Retry.retryTest@73ad2d6]" name="failTestcase" duration-ms="47" started-at="2017-08-06T14:07:11Z" finished-at="2017-08-06T14:07:11Z">
          <reporter-output>
          </reporter-output>
        </test-method> <!-- failTestcase -->
      </class> <!-- com.Retry.retryTest -->
    </test> <!-- Test -->
  </suite> <!-- Suite -->
</testng-results>
