<?xml version="1.0" encoding="UTF-8"?>
<testng-results skipped="0" failed="0" total="1" passed="1">
  <reporter-output>
  </reporter-output>
  <suite name="Default suite" duration-ms="488304" started-at="2017-08-05T22:53:23Z" finished-at="2017-08-05T23:01:31Z">
    <groups>
    </groups>
    <test name="Default test" duration-ms="488304" started-at="2017-08-05T22:53:23Z" finished-at="2017-08-05T23:01:31Z">
      <class name="com.pages.SignON">
        <test-method status="PASS" signature="initialize()[pri:0, instance:com.pages.SignON@2696d2]" name="initialize" is-config="true" duration-ms="17469" started-at="2017-08-06T04:23:05Z" finished-at="2017-08-06T04:23:23Z">
          <reporter-output>
          </reporter-output>
        </test-method> <!-- initialize -->
        <test-method status="PASS" signature="Login(java.lang.String, java.lang.String)[pri:0, instance:com.pages.SignON@2696d2]" name="Login" duration-ms="484954" started-at="2017-08-06T04:23:26Z" data-provider="SignON" finished-at="2017-08-06T04:31:31Z">
          <params>
            <param index="0">
              <value>
                <![CDATA[DDT1]]>
              </value>
            </param>
            <param index="1">
              <value>
                <![CDATA[DDT1]]>
              </value>
            </param>
          </params>
          <reporter-output>
          </reporter-output>
        </test-method> <!-- Login -->
        <test-method status="PASS" signature="teardown()[pri:0, instance:com.pages.SignON@2696d2]" name="teardown" is-config="true" duration-ms="25" started-at="2017-08-06T04:31:31Z" finished-at="2017-08-06T04:31:31Z">
          <reporter-output>
          </reporter-output>
        </test-method> <!-- teardown -->
      </class> <!-- com.pages.SignON -->
    </test> <!-- Default test -->
  </suite> <!-- Default suite -->
</testng-results>
