<?xml version="1.0" encoding="UTF-8"?>
<testng-results skipped="0" failed="0" total="1" passed="1">
  <reporter-output>
  </reporter-output>
  <suite name="Suite" duration-ms="35" started-at="2017-08-06T22:58:02Z" finished-at="2017-08-06T22:58:02Z">
    <groups>
    </groups>
    <test name="Test" duration-ms="35" started-at="2017-08-06T22:58:02Z" finished-at="2017-08-06T22:58:02Z">
      <class name="com.test.sample">
        <test-method status="PASS" signature="init()" name="init" is-config="true" duration-ms="4760" started-at="2017-08-06T22:57:57Z" finished-at="2017-08-06T22:58:02Z">
        </test-method>
        <test-method status="PASS" signature="demotest()" name="demotest" duration-ms="13" started-at="2017-08-06T22:58:02Z" finished-at="2017-08-06T22:58:02Z">
        </test-method>
        <test-method status="PASS" signature="tearDown()" name="tearDown" is-config="true" duration-ms="1" started-at="2017-08-06T22:58:02Z" finished-at="2017-08-06T22:58:02Z">
        </test-method>
      </class>
    </test>
  </suite>
</testng-results>
