<?xml version="1.0" encoding="UTF-8"?>
<testng-results skipped="0" failed="0" ignored="0" total="1" passed="1">
  <reporter-output>
  </reporter-output>
  <suite name="Default suite" duration-ms="87641" started-at="2017-07-04T23:49:17Z" finished-at="2017-07-04T23:50:45Z">
    <groups>
    </groups>
    <test name="Default test" duration-ms="87641" started-at="2017-07-04T23:49:17Z" finished-at="2017-07-04T23:50:45Z">
      <class name="COM.LOGIN.MouseEventTest">
        <test-method status="PASS" signature="mouseDemo()[pri:0, instance:COM.LOGIN.MouseEventTest@4a22f9e2]" name="mouseDemo" duration-ms="71854" started-at="2017-07-05T05:19:17Z" finished-at="2017-07-05T05:20:29Z">
          <reporter-output>
          </reporter-output>
        </test-method> <!-- mouseDemo -->
      </class> <!-- COM.LOGIN.MouseEventTest -->
    </test> <!-- Default test -->
  </suite> <!-- Default suite -->
</testng-results>
