<?xml version="1.0" encoding="UTF-8"?>
<testng-results skipped="0" failed="0" total="2" passed="2">
  <reporter-output>
  </reporter-output>
  <suite name="Suite" duration-ms="49835" started-at="2017-07-08T11:40:20Z" finished-at="2017-07-08T11:41:10Z">
    <groups>
    </groups>
    <test name="Test" duration-ms="49835" started-at="2017-07-08T11:40:20Z" finished-at="2017-07-08T11:41:10Z">
      <class name="COM.LOGIN.MouseEvent">
        <test-method status="PASS" signature="mouseDemo()" name="mouseDemo" duration-ms="40316" started-at="2017-07-08T11:40:20Z" finished-at="2017-07-08T11:41:00Z">
        </test-method>
      </class>
      <class name="COM.LOGIN.LoginTest">
        <test-method status="PASS" signature="loggin()" name="loggin" duration-ms="49788" started-at="2017-07-08T11:40:20Z" finished-at="2017-07-08T11:41:10Z">
        </test-method>
      </class>
    </test>
  </suite>
</testng-results>
