<?xml version="1.0" encoding="UTF-8"?>
<testng-results skipped="0" failed="0" total="1" passed="1">
  <reporter-output>
  </reporter-output>
  <suite name="Default suite" duration-ms="14943" started-at="2017-07-07T16:32:45Z" finished-at="2017-07-07T16:33:00Z">
    <groups>
    </groups>
    <test name="Default test" duration-ms="14943" started-at="2017-07-07T16:32:45Z" finished-at="2017-07-07T16:33:00Z">
      <class name="excelExportAndFileIo.Mercury">
        <test-method status="PASS" signature="SIGNIN(java.lang.String, java.lang.String)[pri:0, instance:excelExportAndFileIo.Mercury@6767c1fc]" name="SIGNIN" duration-ms="14199" started-at="2017-07-07T22:02:45Z" data-provider="mercurylogin" finished-at="2017-07-07T22:03:00Z">
          <params>
            <param index="0">
              <value>
                <![CDATA[hitanj]]>
              </value>
            </param>
            <param index="1">
              <value>
                <![CDATA[hitanj]]>
              </value>
            </param>
          </params>
          <reporter-output>
          </reporter-output>
        </test-method> <!-- SIGNIN -->
      </class> <!-- excelExportAndFileIo.Mercury -->
    </test> <!-- Default test -->
  </suite> <!-- Default suite -->
</testng-results>
