<?xml version="1.0" encoding="UTF-8"?>
<testng-results skipped="0" failed="0" ignored="0" total="5" passed="5">
  <reporter-output>
  </reporter-output>
  <suite name="Default suite" duration-ms="162" started-at="2017-07-26T23:31:46Z" finished-at="2017-07-26T23:31:46Z">
    <groups>
    </groups>
    <test name="Default test" duration-ms="162" started-at="2017-07-26T23:31:46Z" finished-at="2017-07-26T23:31:46Z">
      <class name="com.TestNg.mercury">
        <test-method status="PASS" signature="p88()[pri:0, instance:com.TestNg.mercury@ccb7e0]" name="p88" duration-ms="26" started-at="2017-07-27T05:01:46Z" finished-at="2017-07-27T05:01:46Z">
          <reporter-output>
          </reporter-output>
        </test-method> <!-- p88 -->
        <test-method status="PASS" signature="p134()[pri:1, instance:com.TestNg.mercury@ccb7e0]" name="p134" duration-ms="5" started-at="2017-07-27T05:01:46Z" finished-at="2017-07-27T05:01:46Z">
          <reporter-output>
          </reporter-output>
        </test-method> <!-- p134 -->
        <test-method status="PASS" signature="p2()[pri:2, instance:com.TestNg.mercury@ccb7e0]" name="p2" duration-ms="5" started-at="2017-07-27T05:01:46Z" finished-at="2017-07-27T05:01:46Z">
          <reporter-output>
          </reporter-output>
        </test-method> <!-- p2 -->
        <test-method status="PASS" signature="p33()[pri:2, instance:com.TestNg.mercury@ccb7e0]" name="p33" duration-ms="7" started-at="2017-07-27T05:01:46Z" finished-at="2017-07-27T05:01:46Z">
          <reporter-output>
          </reporter-output>
        </test-method> <!-- p33 -->
        <test-method status="PASS" signature="p11()[pri:4, instance:com.TestNg.mercury@ccb7e0]" name="p11" duration-ms="6" started-at="2017-07-27T05:01:46Z" finished-at="2017-07-27T05:01:46Z">
          <reporter-output>
          </reporter-output>
        </test-method> <!-- p11 -->
      </class> <!-- com.TestNg.mercury -->
    </test> <!-- Default test -->
  </suite> <!-- Default suite -->
</testng-results>
